Arguments: 
  C:\Program Files\nodejs\node.exe C:\Users\boby\AppData\Roaming\npm\node_modules\yarn\bin\yarn.js login

PATH: 
  C:\Program Files (x86)\Common Files\Oracle\Java\javapath;C:\Windows\system32;C:\Windows;C:\Windows\System32\Wbem;C:\Windows\System32\WindowsPowerShell\v1.0\;C:\Windows\System32\OpenSSH\;C:\Program Files (x86)\NVIDIA Corporation\PhysX\Common;C:\Program Files\NVIDIA Corporation\NVIDIA NvDLISR;C:\Program Files\nodejs\;C:\ProgramData\chocolatey\bin;C:\Program Files\Git\cmd;D:\Ampps\php-7.3;C:\ProgramData\ComposerSetup\bin;C:\Program Files\Docker\Docker\resources\bin;C:\ProgramData\DockerDesktop\version-bin;C:\Program Files\PuTTY\;C:\mongosh\bin;C:\Ruby26-x64\bin;C:\Users\boby\AppData\Local\Microsoft\WindowsApps;C:\Users\boby\AppData\Roaming\npm;C:\Users\boby\AppData\Local\GitHubDesktop\bin;C:\Users\boby\AppData\Local\Programs\Microsoft VS Code\bin;C:\Users\boby\AppData\Roaming\Composer\vendor\bin;C:\Program Files\Lando\bin

Yarn version: 
  1.22.11

Node version: 
  14.17.4

Platform: 
  win32 x64

Trace: 
  Error: canceled
      at Interface.<anonymous> (C:\Users\boby\AppData\Roaming\npm\node_modules\yarn\lib\cli.js:137023:13)
      at Interface.emit (events.js:400:28)
      at Interface._ttyWrite (readline.js:910:16)
      at ReadStream.onkeypress (readline.js:235:10)
      at ReadStream.emit (events.js:400:28)
      at emitKeys (internal/readline/utils.js:358:14)
      at emitKeys.next (<anonymous>)
      at ReadStream.onData (readline.js:1179:36)
      at ReadStream.emit (events.js:400:28)
      at addChunk (internal/streams/readable.js:290:12)

npm manifest: 
  {
    "name": "strapi-import-export-content",
    "version": "1.0.0",
    "description": "Strapi Import Export Content Plugin",
    "main": "index.js",
    "repository": "git@github.com:Boby/strapi-plugin-import-export-content.git",
    "author": "Boby Ui <boby@itnationid.com>",
    "license": "MIT",
    "strapi": {
      "name": "Import / Export Content",
      "icon": "sync-alt",
      "description": "Import and Export your Content"
    },
    "scripts": {
      "test": "echo \"No test specified\""
    },
    "dependencies": {
      "csv-parse": "^4.15.3",
      "csv-string": "^4.0.1",
      "prismjs": "^1.23.0",
      "react-simple-code-editor": "^0.11.0"
    },
    "maintainers": [
      "Boby Ui <boby@itnationid.com>"
    ],
    "engines": {
      "node": ">=10.16.0 <=14.x.x",
      "npm": ">=6.0.0"
    },
    "keywords": [
      "strapi",
      "plugin",
      "strapi",
      "import",
      "content",
      "export",
      "content"
    ]
  }

yarn manifest: 
  No manifest

Lockfile: 
  No lockfile
